<?xml version="1.0" encoding="UTF-8"?>
<!-- Generated by org.testng.reporters.JUnitReportReporter -->
<testsuite skipped="0" hostname="DESKTOP-KQUFIDC" name="May2020SeleniumSessions.May2020SeleniumSessions.HomePageTest" tests="1" failures="0" timestamp="07 Jul 2020 14:50:45 GMT" time="0.021" errors="1">
  <testcase name="getPageTitleTest" time="0.021" classname="May2020SeleniumSessions.May2020SeleniumSessions.HomePageTest">
    <error type="java.lang.NullPointerException">
      <![CDATA[java.lang.NullPointerException
at May2020SeleniumSessions.May2020SeleniumSessions.HomePageTest.doLogin(HomePageTest.java:16)
at May2020SeleniumSessions.May2020SeleniumSessions.HomePageTest.getPageTitleTest(HomePageTest.java:11)
at sun.reflect.NativeMethodAccessorImpl.invoke0(Native Method)
at sun.reflect.NativeMethodAccessorImpl.invoke(Unknown Source)
at sun.reflect.DelegatingMethodAccessorImpl.invoke(Unknown Source)
at java.lang.reflect.Method.invoke(Unknown Source)
at org.testng.internal.MethodInvocationHelper.invokeMethod(MethodInvocationHelper.java:124)
at org.testng.internal.Invoker.invokeMethod(Invoker.java:583)
at org.testng.internal.Invoker.invokeTestMethod(Invoker.java:719)
at org.testng.internal.Invoker.invokeTestMethods(Invoker.java:989)
at org.testng.internal.TestMethodWorker.invokeTestMethods(TestMethodWorker.java:125)
at org.testng.internal.TestMethodWorker.run(TestMethodWorker.java:109)
at java.util.concurrent.ThreadPoolExecutor.runWorker(Unknown Source)
at java.util.concurrent.ThreadPoolExecutor$Worker.run(Unknown Source)
at java.lang.Thread.run(Unknown Source)
]]>
    </error>
  </testcase> <!-- getPageTitleTest -->
</testsuite> <!-- May2020SeleniumSessions.May2020SeleniumSessions.HomePageTest -->
