<?xml version="1.0" encoding="UTF-8"?>
<!-- Generated by org.testng.reporters.JUnitReportReporter -->
<testsuite skipped="0" hostname="DESKTOP-KQUFIDC" name="May2020SeleniumSessions.May2020SeleniumSessions.LoginPageTest" tests="1" failures="0" timestamp="07 Jul 2020 14:50:45 GMT" time="0.036" errors="0">
  <testcase name="gettitleTest" time="0.036" classname="May2020SeleniumSessions.May2020SeleniumSessions.LoginPageTest"/>
</testsuite> <!-- May2020SeleniumSessions.May2020SeleniumSessions.LoginPageTest -->
